<?xml version="1.0" encoding="UTF-8"?>
<robot generator="Robot 6.0.1 (Python 3.11.1 on win32)" generated="20230113 11:41:00.345" rpa="false" schemaversion="3">
<suite id="s1" name="MeDirect.RobotFramework.Test" source="C:\Asoftware\MeDirect.RobotFramework.Test">
<suite id="s1-s1" name="Tests" source="C:\Asoftware\MeDirect.RobotFramework.Test\Tests">
<suite id="s1-s1-s1" name="meDirect" source="C:\Asoftware\MeDirect.RobotFramework.Test\Tests\meDirect.robot">
<test id="s1-s1-s1-t1" name="MeDirect negatif login test" line="7">
<kw name="navigate to the website" library="homePage">
<kw name="Open Browser" library="SeleniumLibrary">
<arg>${Url}</arg>
<arg>${BROWSER}</arg>
<doc>Opens a new browser instance to the optional ``url``.</doc>
<msg timestamp="20230113 11:41:00.754" level="INFO">Opening browser 'chrome' to base url 'https://www.medirect.com.mt/'.</msg>
<status status="PASS" starttime="20230113 11:41:00.752" endtime="20230113 11:41:18.590"/>
</kw>
<status status="PASS" starttime="20230113 11:41:00.751" endtime="20230113 11:41:18.590"/>
</kw>
<kw name="Maximize Browser Window" library="SeleniumLibrary">
<doc>Maximizes current browser window.</doc>
<status status="PASS" starttime="20230113 11:41:18.591" endtime="20230113 11:41:18.856"/>
</kw>
<kw name="Set Browser Implicit Wait" library="SeleniumLibrary">
<arg>15</arg>
<doc>Sets the implicit wait value used by Selenium.</doc>
<status status="PASS" starttime="20230113 11:41:18.858" endtime="20230113 11:41:18.860"/>
</kw>
<kw name="click login button" library="homePage">
<kw name="Click Element" library="SeleniumLibrary">
<arg>${loginBtn}</arg>
<doc>Click the element identified by ``locator``.</doc>
<msg timestamp="20230113 11:41:18.866" level="INFO">Clicking element '(//*[text()='Login'])[1]'.</msg>
<status status="PASS" starttime="20230113 11:41:18.863" endtime="20230113 11:41:19.034"/>
</kw>
<status status="PASS" starttime="20230113 11:41:18.861" endtime="20230113 11:41:19.035"/>
</kw>
<kw name="Switch Window" library="SeleniumLibrary">
<arg>url:https://login.medirect.com.mt/account/login</arg>
<doc>Switches to browser window matching ``locator``.</doc>
<status status="PASS" starttime="20230113 11:41:19.036" endtime="20230113 11:41:21.884"/>
</kw>
<kw name="Sleep" library="BuiltIn">
<arg>3</arg>
<doc>Pauses the test executed for the given time.</doc>
<msg timestamp="20230113 11:41:24.886" level="INFO">Slept 3 seconds</msg>
<status status="PASS" starttime="20230113 11:41:21.885" endtime="20230113 11:41:24.886"/>
</kw>
<kw name="type in your customer number" library="homePage">
<kw name="Input Text" library="SeleniumLibrary">
<arg>${customerNumber}</arg>
<arg>12345</arg>
<doc>Types the given ``text`` into the text field identified by ``locator``.</doc>
<msg timestamp="20230113 11:41:24.891" level="INFO">Typing text '12345' into text field 'txtUsername'.</msg>
<status status="PASS" starttime="20230113 11:41:24.889" endtime="20230113 11:41:24.997"/>
</kw>
<kw name="Click Button" library="SeleniumLibrary">
<arg>${cookie}</arg>
<doc>Clicks the button identified by ``locator``.</doc>
<msg timestamp="20230113 11:41:24.999" level="INFO">Clicking button 'cookie-policy-close'.</msg>
<status status="PASS" starttime="20230113 11:41:24.998" endtime="20230113 11:41:40.162"/>
</kw>
<status status="PASS" starttime="20230113 11:41:24.888" endtime="20230113 11:41:40.162"/>
</kw>
<kw name="click submit" library="homePage">
<kw name="Click Button" library="SeleniumLibrary">
<arg>${submitBtn}</arg>
<doc>Clicks the button identified by ``locator``.</doc>
<msg timestamp="20230113 11:41:40.165" level="INFO">Clicking button 'btnNextToPassword'.</msg>
<status status="PASS" starttime="20230113 11:41:40.164" endtime="20230113 11:41:55.293"/>
</kw>
<status status="PASS" starttime="20230113 11:41:40.163" endtime="20230113 11:41:55.294"/>
</kw>
<kw name="verify the unsuccesfull login" library="homePage">
<kw name="Element Should Be Visible" library="SeleniumLibrary">
<arg>${unsuccessfulLoginText}</arg>
<doc>Verifies that the element identified by ``locator`` is visible.</doc>
<msg timestamp="20230113 11:41:55.342" level="INFO">Element '//*[text()='The details you entered are incorrect. Please try again.']' is displayed.</msg>
<status status="PASS" starttime="20230113 11:41:55.296" endtime="20230113 11:41:55.343"/>
</kw>
<status status="PASS" starttime="20230113 11:41:55.295" endtime="20230113 11:41:55.344"/>
</kw>
<status status="PASS" starttime="20230113 11:41:00.750" endtime="20230113 11:41:55.346"/>
</test>
<status status="PASS" starttime="20230113 11:41:00.405" endtime="20230113 11:41:55.356"/>
</suite>
<status status="PASS" starttime="20230113 11:41:00.395" endtime="20230113 11:41:55.360"/>
</suite>
<status status="PASS" starttime="20230113 11:41:00.353" endtime="20230113 11:41:55.366"/>
</suite>
<statistics>
<total>
<stat pass="1" fail="0" skip="0">All Tests</stat>
</total>
<tag>
</tag>
<suite>
<stat pass="1" fail="0" skip="0" id="s1" name="MeDirect.RobotFramework.Test">MeDirect.RobotFramework.Test</stat>
<stat pass="1" fail="0" skip="0" id="s1-s1" name="Tests">MeDirect.RobotFramework.Test.Tests</stat>
<stat pass="1" fail="0" skip="0" id="s1-s1-s1" name="meDirect">MeDirect.RobotFramework.Test.Tests.meDirect</stat>
</suite>
</statistics>
<errors>
</errors>
</robot>
